                              1 ;--------------------------------------------------------
                              2 ; File Created by SDCC : free open source ANSI-C Compiler
                              3 ; Version 3.3.0 #8604 (Dec 30 2013) (Linux)
                              4 ; This file was generated Sun May 28 17:34:51 2017
                              5 ;--------------------------------------------------------
                              6 	.module gprint
                              7 	.optsdcc -mgbz80
                              8 	
                              9 ;--------------------------------------------------------
                             10 ; Public variables in this module
                             11 ;--------------------------------------------------------
                             12 	.globl _wrtchr
                             13 	.globl _gprint
                             14 ;--------------------------------------------------------
                             15 ; ram data
                             16 ;--------------------------------------------------------
                             17 	.area _DATA
                             18 ;--------------------------------------------------------
                             19 ; absolute external ram data
                             20 ;--------------------------------------------------------
                             21 	.area _DABS (ABS)
                             22 ;--------------------------------------------------------
                             23 ; global & static initialisations
                             24 ;--------------------------------------------------------
                             25 	.area _HOME
                             26 	.area _GSINIT
                             27 	.area _GSFINAL
                             28 	.area _GSINIT
                             29 ;--------------------------------------------------------
                             30 ; Home
                             31 ;--------------------------------------------------------
                             32 	.area _HOME
                             33 ;./libc/gprint.c:3: void gprint(char *str) NONBANKED
                             34 ;	---------------------------------
                             35 ; Function gprint
                             36 ; ---------------------------------
   0000                      37 _gprint_start::
   0000                      38 _gprint:
                             39 ;./libc/gprint.c:5: while(*str)
   0000 D1                   40 	pop	de
   0001 C1                   41 	pop	bc
   0002 C5                   42 	push	bc
   0003 D5                   43 	push	de
   0004                      44 00101$:
   0004 0A                   45 	ld	a,(bc)
   0005 B7                   46 	or	a, a
   0006 C8                   47 	ret	Z
                             48 ;./libc/gprint.c:6: wrtchr(*str++);
   0007 03                   49 	inc	bc
   0008 C5                   50 	push	bc
   0009 F5                   51 	push	af
   000A 33                   52 	inc	sp
   000B CDr00r00             53 	call	_wrtchr
   000E 33                   54 	inc	sp
   000F C1                   55 	pop	bc
   0010 18 F2                56 	jr	00101$
   0012 C9                   57 	ret
   0013                      58 _gprint_end::
                             59 	.area _HOME
                             60 ;--------------------------------------------------------
                             61 ; code
                             62 ;--------------------------------------------------------
                             63 	.area _CODE
                             64 	.area _CODE
                             65 	.area _CABS (ABS)
