                              1 ;--------------------------------------------------------
                              2 ; File Created by SDCC : free open source ANSI-C Compiler
                              3 ; Version 3.3.0 #8604 (Dec 30 2013) (Linux)
                              4 ; This file was generated Sun May 28 17:34:52 2017
                              5 ;--------------------------------------------------------
                              6 	.module gprintn
                              7 	.optsdcc -mgbz80
                              8 	
                              9 ;--------------------------------------------------------
                             10 ; Public variables in this module
                             11 ;--------------------------------------------------------
                             12 	.globl _wrtchr
                             13 	.globl _gprintn
                             14 ;--------------------------------------------------------
                             15 ; ram data
                             16 ;--------------------------------------------------------
                             17 	.area _DATA
                             18 ;--------------------------------------------------------
                             19 ; absolute external ram data
                             20 ;--------------------------------------------------------
                             21 	.area _DABS (ABS)
                             22 ;--------------------------------------------------------
                             23 ; global & static initialisations
                             24 ;--------------------------------------------------------
                             25 	.area _HOME
                             26 	.area _GSINIT
                             27 	.area _GSFINAL
                             28 	.area _GSINIT
                             29 ;--------------------------------------------------------
                             30 ; Home
                             31 ;--------------------------------------------------------
                             32 	.area _HOME
                             33 	.area _HOME
                             34 ;--------------------------------------------------------
                             35 ; code
                             36 ;--------------------------------------------------------
                             37 	.area _CODE
                             38 ;./libc/gprintn.c:7: void gprintn(BYTE number, BYTE radix, BYTE signed_value)
                             39 ;	---------------------------------
                             40 ; Function gprintn
                             41 ; ---------------------------------
   0000                      42 _gprintn_start::
   0000                      43 _gprintn:
                             44 ;./libc/gprintn.c:11: if(number < 0 && signed_value) {
   0000 3E 00                45 	ld	a,#0x00
   0002 5F                   46 	ld	e,a
   0003 F8 02                47 	ldhl	sp,#2
   0005 7E                   48 	ld	a,(hl)
   0006 57                   49 	ld	d,a
   0007 7E                   50 	ld	a,(hl)
   0008 CB 7F                51 	bit	7,a
   000A 28 13                52 	jr	Z,00102$
   000C 23                   53 	inc	hl
   000D 23                   54 	inc	hl
   000E 7E                   55 	ld	a,(hl)
   000F B7                   56 	or	a, a
   0010 28 0D                57 	jr	Z,00102$
                             58 ;./libc/gprintn.c:12: wrtchr('-');
   0012 3E 2D                59 	ld	a,#0x2D
   0014 F5                   60 	push	af
   0015 33                   61 	inc	sp
   0016 CDr00r00             62 	call	_wrtchr
   0019 33                   63 	inc	sp
                             64 ;./libc/gprintn.c:13: number = -number;
   001A AF                   65 	xor	a, a
   001B F8 02                66 	ldhl	sp,#2
   001D 96                   67 	sub	a, (hl)
   001E 77                   68 	ld	(hl),a
   001F                      69 00102$:
                             70 ;./libc/gprintn.c:15: if((i = (UBYTE)number / (UBYTE)radix) != 0)
   001F F8 02                71 	ldhl	sp,#2
   0021 56                   72 	ld	d,(hl)
   0022 23                   73 	inc	hl
   0023 5E                   74 	ld	e,(hl)
   0024 D5                   75 	push	de
   0025 7B                   76 	ld	a,e
   0026 F5                   77 	push	af
   0027 33                   78 	inc	sp
   0028 D5                   79 	push	de
   0029 33                   80 	inc	sp
   002A CDr00r00             81 	call	__divuchar_rrx_s
   002D F1                   82 	pop	af
   002E 7B                   83 	ld	a,e
   002F D1                   84 	pop	de
   0030 47                   85 	ld	b,a
   0031 B7                   86 	or	a, a
   0032 28 11                87 	jr	Z,00105$
                             88 ;./libc/gprintn.c:16: gprintn(i, radix, UNSIGNED);
   0034 D5                   89 	push	de
   0035 AF                   90 	xor	a, a
   0036 F5                   91 	push	af
   0037 33                   92 	inc	sp
   0038 F8 06                93 	ldhl	sp,#6
   003A 7E                   94 	ld	a,(hl)
   003B F5                   95 	push	af
   003C 33                   96 	inc	sp
   003D C5                   97 	push	bc
   003E 33                   98 	inc	sp
   003F CDr00r00             99 	call	_gprintn
   0042 E8 03               100 	add	sp, #3
   0044 D1                  101 	pop	de
   0045                     102 00105$:
                            103 ;./libc/gprintn.c:17: wrtchr(digits[(UBYTE)number % (UBYTE)radix]);
   0045 7B                  104 	ld	a,e
   0046 F5                  105 	push	af
   0047 33                  106 	inc	sp
   0048 D5                  107 	push	de
   0049 33                  108 	inc	sp
   004A CDr00r00            109 	call	__moduchar_rrx_s
   004D F1                  110 	pop	af
   004E 43                  111 	ld	b,e
   004F 21r00r00            112 	ld	hl,#_digits
   0052 7E                  113 	ld	a,(hl)
   0053 80                  114 	add	a, b
   0054 4F                  115 	ld	c,a
   0055 23                  116 	inc	hl
   0056 7E                  117 	ld	a,(hl)
   0057 CE 00               118 	adc	a, #0x00
   0059 47                  119 	ld	b,a
   005A 0A                  120 	ld	a,(bc)
   005B F5                  121 	push	af
   005C 33                  122 	inc	sp
   005D CDr00r00            123 	call	_wrtchr
   0060 33                  124 	inc	sp
   0061 C9                  125 	ret
   0062                     126 _gprintn_end::
                            127 	.area _CODE
                            128 	.area _CABS (ABS)
