                              1 ;--------------------------------------------------------
                              2 ; File Created by SDCC : free open source ANSI-C Compiler
                              3 ; Version 3.3.0 #8604 (Dec 30 2013) (Linux)
                              4 ; This file was generated Sun May 28 17:34:52 2017
                              5 ;--------------------------------------------------------
                              6 	.module gprintf
                              7 	.optsdcc -mgbz80
                              8 	
                              9 ;--------------------------------------------------------
                             10 ; Public variables in this module
                             11 ;--------------------------------------------------------
                             12 	.globl _wrtchr
                             13 	.globl _gprintn
                             14 	.globl _gprint
                             15 	.globl _gprintf
                             16 ;--------------------------------------------------------
                             17 ; ram data
                             18 ;--------------------------------------------------------
                             19 	.area _DATA
                             20 ;--------------------------------------------------------
                             21 ; absolute external ram data
                             22 ;--------------------------------------------------------
                             23 	.area _DABS (ABS)
                             24 ;--------------------------------------------------------
                             25 ; global & static initialisations
                             26 ;--------------------------------------------------------
                             27 	.area _HOME
                             28 	.area _GSINIT
                             29 	.area _GSFINAL
                             30 	.area _GSINIT
                             31 ;--------------------------------------------------------
                             32 ; Home
                             33 ;--------------------------------------------------------
                             34 	.area _HOME
                             35 ;./libc/gprintf.c:4: INT8 gprintf(char *fmt, ...) NONBANKED
                             36 ;	---------------------------------
                             37 ; Function gprintf
                             38 ; ---------------------------------
   0000                      39 _gprintf_start::
   0000                      40 _gprintf:
   0000 E8 ED                41 	add	sp, #-19
                             42 ;./libc/gprintf.c:7: INT8 nb = 0;
   0002 F8 10                43 	ldhl	sp,#16
   0004 36 00                44 	ld	(hl),#0x00
                             45 ;./libc/gprintf.c:9: va_start(ap, fmt);
   0006 F8 15                46 	ldhl	sp,#21
   0008 4D                   47 	ld	c,l
   0009 44                   48 	ld	b,h
   000A 03                   49 	inc	bc
   000B 03                   50 	inc	bc
   000C F8 03                51 	ldhl	sp,#3
   000E 71                   52 	ld	(hl),c
   000F 23                   53 	inc	hl
   0010 70                   54 	ld	(hl),b
   0011 2B                   55 	dec	hl
   0012 2B                   56 	dec	hl
   0013 36 00                57 	ld	(hl),#0x00
   0015                      58 00115$:
                             59 ;./libc/gprintf.c:10: for(; *fmt; fmt++)
   0015 F8 15                60 	ldhl	sp,#21
   0017 2A                   61 	ld	a,(hl+)
   0018 5E                   62 	ld	e, (hl)
   0019 F8 0E                63 	ldhl	sp,#14
   001B 22                   64 	ld	(hl+),a
   001C 73                   65 	ld	(hl),e
   001D 2B                   66 	dec	hl
   001E 5E                   67 	ld	e,(hl)
   001F 23                   68 	inc	hl
   0020 56                   69 	ld	d,(hl)
   0021 1A                   70 	ld	a,(de)
   0022 2B                   71 	dec	hl
   0023 2B                   72 	dec	hl
   0024 77                   73 	ld	(hl),a
   0025 7E                   74 	ld	a,(hl)
   0026 B7                   75 	or	a, a
   0027 CArB3r01             76 	jp	Z,00113$
                             77 ;./libc/gprintf.c:11: if(*fmt == '%') {
   002A 7E                   78 	ld	a,(hl)
   002B D6 25                79 	sub	a, #0x25
   002D C2r9Fr01             80 	jp	NZ,00111$
                             81 ;./libc/gprintf.c:12: switch(*++fmt) {
   0030 F8 0F                82 	ldhl	sp,#15
   0032 2B                   83 	dec	hl
   0033 5E                   84 	ld	e,(hl)
   0034 23                   85 	inc	hl
   0035 56                   86 	ld	d,(hl)
   0036 21 01 00             87 	ld	hl,#0x0001
   0039 19                   88 	add	hl,de
   003A 7D                   89 	ld	a,l
   003B 54                   90 	ld	d,h
   003C F8 15                91 	ldhl	sp,#21
   003E 22                   92 	ld	(hl+),a
   003F 72                   93 	ld	(hl),d
   0040 2B                   94 	dec	hl
   0041 5E                   95 	ld	e,(hl)
   0042 23                   96 	inc	hl
   0043 56                   97 	ld	d,(hl)
   0044 1A                   98 	ld	a,(de)
   0045 F8 0E                99 	ldhl	sp,#14
   0047 77                  100 	ld	(hl),a
   0048 7E                  101 	ld	a,(hl)
   0049 D6 25               102 	sub	a, #0x25
   004B CAr85r01            103 	jp	Z,00107$
                            104 ;./libc/gprintf.c:15: char c = va_arg(ap, char);
   004E F8 04               105 	ldhl	sp,#4
   0050 2B                  106 	dec	hl
   0051 5E                  107 	ld	e,(hl)
   0052 23                  108 	inc	hl
   0053 56                  109 	ld	d,(hl)
   0054 21 01 00            110 	ld	hl,#0x0001
   0057 19                  111 	add	hl,de
   0058 7D                  112 	ld	a,l
   0059 54                  113 	ld	d,h
   005A F8 0B               114 	ldhl	sp,#11
   005C 22                  115 	ld	(hl+),a
   005D 72                  116 	ld	(hl),d
   005E 2B                  117 	dec	hl
   005F 4E                  118 	ld	c,(hl)
   0060 23                  119 	inc	hl
   0061 46                  120 	ld	b,(hl)
   0062 0B                  121 	dec	bc
   0063 F8 09               122 	ldhl	sp,#9
   0065 71                  123 	ld	(hl),c
   0066 23                  124 	inc	hl
   0067 70                  125 	ld	(hl),b
                            126 ;./libc/gprintf.c:12: switch(*++fmt) {
   0068 F8 0E               127 	ldhl	sp,#14
   006A 7E                  128 	ld	a,(hl)
   006B D6 63               129 	sub	a, #0x63
   006D CArBBr00            130 	jp	Z,00101$
   0070 F8 0E               131 	ldhl	sp,#14
   0072 7E                  132 	ld	a,(hl)
   0073 D6 64               133 	sub	a, #0x64
   0075 CArD3r00            134 	jp	Z,00102$
   0078 F8 0E               135 	ldhl	sp,#14
   007A 7E                  136 	ld	a,(hl)
   007B D6 6F               137 	sub	a, #0x6F
   007D CAr22r01            138 	jp	Z,00104$
                            139 ;./libc/gprintf.c:27: INT8 b = (INT8)va_arg(ap, int);
   0080 F8 04               140 	ldhl	sp,#4
   0082 2B                  141 	dec	hl
   0083 5E                  142 	ld	e,(hl)
   0084 23                  143 	inc	hl
   0085 56                  144 	ld	d,(hl)
   0086 21 02 00            145 	ld	hl,#0x0002
   0089 19                  146 	add	hl,de
   008A 7D                  147 	ld	a,l
   008B 54                  148 	ld	d,h
   008C F8 07               149 	ldhl	sp,#7
   008E 22                  150 	ld	(hl+),a
   008F 72                  151 	ld	(hl),d
   0090 2B                  152 	dec	hl
   0091 5E                  153 	ld	e,(hl)
   0092 23                  154 	inc	hl
   0093 56                  155 	ld	d,(hl)
   0094 21 02 00            156 	ld	hl,#0x0002
   0097 7B                  157 	ld	a,e
   0098 95                  158 	sub	a,l
   0099 5F                  159 	ld	e,a
   009A 7A                  160 	ld	a,d
   009B 9C                  161 	sbc	a,h
   009C F8 06               162 	ldhl	sp,#6
   009E 32                  163 	ld	(hl-),a
   009F 73                  164 	ld	(hl),e
                            165 ;./libc/gprintf.c:12: switch(*++fmt) {
   00A0 F8 0E               166 	ldhl	sp,#14
   00A2 7E                  167 	ld	a,(hl)
   00A3 D6 73               168 	sub	a, #0x73
   00A5 CAr62r01            169 	jp	Z,00106$
   00A8 F8 0E               170 	ldhl	sp,#14
   00AA 7E                  171 	ld	a,(hl)
   00AB D6 75               172 	sub	a, #0x75
   00AD CArF1r00            173 	jp	Z,00103$
   00B0 F8 0E               174 	ldhl	sp,#14
   00B2 7E                  175 	ld	a,(hl)
   00B3 D6 78               176 	sub	a, #0x78
   00B5 CAr40r01            177 	jp	Z,00105$
   00B8 C3r90r01            178 	jp	00108$
                            179 ;./libc/gprintf.c:13: case 'c': {
   00BB                     180 00101$:
                            181 ;./libc/gprintf.c:15: char c = va_arg(ap, char);
   00BB F8 0B               182 	ldhl	sp,#11
   00BD 2A                  183 	ld	a,(hl+)
   00BE 5E                  184 	ld	e, (hl)
   00BF F8 03               185 	ldhl	sp,#3
   00C1 22                  186 	ld	(hl+),a
   00C2 73                  187 	ld	(hl),e
   00C3 F8 0A               188 	ldhl	sp,#10
   00C5 2B                  189 	dec	hl
   00C6 5E                  190 	ld	e,(hl)
   00C7 23                  191 	inc	hl
   00C8 56                  192 	ld	d,(hl)
   00C9 1A                  193 	ld	a,(de)
                            194 ;./libc/gprintf.c:16: wrtchr(c);
   00CA F5                  195 	push	af
   00CB 33                  196 	inc	sp
   00CC CDr00r00            197 	call	_wrtchr
   00CF 33                  198 	inc	sp
                            199 ;./libc/gprintf.c:17: break;
   00D0 C3r94r01            200 	jp	00109$
                            201 ;./libc/gprintf.c:19: case 'd': {
   00D3                     202 00102$:
                            203 ;./libc/gprintf.c:21: INT8 b = va_arg(ap, INT8);
   00D3 F8 0B               204 	ldhl	sp,#11
   00D5 2A                  205 	ld	a,(hl+)
   00D6 5E                  206 	ld	e, (hl)
   00D7 F8 03               207 	ldhl	sp,#3
   00D9 22                  208 	ld	(hl+),a
   00DA 73                  209 	ld	(hl),e
   00DB F8 0A               210 	ldhl	sp,#10
   00DD 2B                  211 	dec	hl
   00DE 5E                  212 	ld	e,(hl)
   00DF 23                  213 	inc	hl
   00E0 56                  214 	ld	d,(hl)
   00E1 1A                  215 	ld	a,(de)
   00E2 47                  216 	ld	b,a
                            217 ;./libc/gprintf.c:22: gprintn(b, 10, SIGNED);
   00E3 21 0A 01            218 	ld	hl,#0x010A
   00E6 E5                  219 	push	hl
   00E7 C5                  220 	push	bc
   00E8 33                  221 	inc	sp
   00E9 CDr00r00            222 	call	_gprintn
   00EC E8 03               223 	add	sp, #3
                            224 ;./libc/gprintf.c:23: break;
   00EE C3r94r01            225 	jp	00109$
                            226 ;./libc/gprintf.c:25: case 'u': {
   00F1                     227 00103$:
                            228 ;./libc/gprintf.c:27: INT8 b = (INT8)va_arg(ap, int);
   00F1 F8 07               229 	ldhl	sp,#7
   00F3 2A                  230 	ld	a,(hl+)
   00F4 5E                  231 	ld	e, (hl)
   00F5 F8 03               232 	ldhl	sp,#3
   00F7 22                  233 	ld	(hl+),a
   00F8 73                  234 	ld	(hl),e
   00F9 23                  235 	inc	hl
   00FA 2A                  236 	ld	a,(hl+)
   00FB 5E                  237 	ld	e, (hl)
   00FC F8 11               238 	ldhl	sp,#17
   00FE 22                  239 	ld	(hl+),a
   00FF 73                  240 	ld	(hl),e
   0100 2B                  241 	dec	hl
   0101 5E                  242 	ld	e,(hl)
   0102 23                  243 	inc	hl
   0103 56                  244 	ld	d,(hl)
   0104 1A                  245 	ld	a,(de)
   0105 2B                  246 	dec	hl
   0106 22                  247 	ld	(hl+),a
   0107 13                  248 	inc	de
   0108 1A                  249 	ld	a,(de)
   0109 77                  250 	ld	(hl),a
   010A E5                  251 	push	hl
   010B 2B                  252 	dec	hl
   010C 7E                  253 	ld	a,(hl)
   010D F8 03               254 	ldhl	sp,#3
   010F 77                  255 	ld	(hl),a
   0110 E1                  256 	pop	hl
                            257 ;./libc/gprintf.c:28: gprintn(b, 10, UNSIGNED);
   0111 21 0A 00            258 	ld	hl,#0x000A
   0114 E5                  259 	push	hl
   0115 F8 03               260 	ldhl	sp,#3
   0117 7E                  261 	ld	a,(hl)
   0118 F5                  262 	push	af
   0119 33                  263 	inc	sp
   011A CDr00r00            264 	call	_gprintn
   011D E8 03               265 	add	sp, #3
                            266 ;./libc/gprintf.c:29: break;
   011F C3r94r01            267 	jp	00109$
                            268 ;./libc/gprintf.c:31: case 'o': {
   0122                     269 00104$:
                            270 ;./libc/gprintf.c:33: INT8 b = va_arg(ap, INT8);
   0122 F8 0B               271 	ldhl	sp,#11
   0124 2A                  272 	ld	a,(hl+)
   0125 5E                  273 	ld	e, (hl)
   0126 F8 03               274 	ldhl	sp,#3
   0128 22                  275 	ld	(hl+),a
   0129 73                  276 	ld	(hl),e
   012A F8 0A               277 	ldhl	sp,#10
   012C 2B                  278 	dec	hl
   012D 5E                  279 	ld	e,(hl)
   012E 23                  280 	inc	hl
   012F 56                  281 	ld	d,(hl)
   0130 1A                  282 	ld	a,(de)
   0131 47                  283 	ld	b,a
                            284 ;./libc/gprintf.c:34: gprintn(b, 8, UNSIGNED);
   0132 21 08 00            285 	ld	hl,#0x0008
   0135 E5                  286 	push	hl
   0136 C5                  287 	push	bc
   0137 33                  288 	inc	sp
   0138 CDr00r00            289 	call	_gprintn
   013B E8 03               290 	add	sp, #3
                            291 ;./libc/gprintf.c:35: break;
   013D C3r94r01            292 	jp	00109$
                            293 ;./libc/gprintf.c:37: case 'x': {
   0140                     294 00105$:
                            295 ;./libc/gprintf.c:39: INT8 b = va_arg(ap, INT8);
   0140 F8 0B               296 	ldhl	sp,#11
   0142 2A                  297 	ld	a,(hl+)
   0143 5E                  298 	ld	e, (hl)
   0144 F8 03               299 	ldhl	sp,#3
   0146 22                  300 	ld	(hl+),a
   0147 73                  301 	ld	(hl),e
   0148 F8 0A               302 	ldhl	sp,#10
   014A 2B                  303 	dec	hl
   014B 5E                  304 	ld	e,(hl)
   014C 23                  305 	inc	hl
   014D 56                  306 	ld	d,(hl)
   014E 1A                  307 	ld	a,(de)
   014F F8 01               308 	ldhl	sp,#1
   0151 77                  309 	ld	(hl),a
                            310 ;./libc/gprintf.c:40: gprintn(b, 16, UNSIGNED);
   0152 21 10 00            311 	ld	hl,#0x0010
   0155 E5                  312 	push	hl
   0156 F8 03               313 	ldhl	sp,#3
   0158 7E                  314 	ld	a,(hl)
   0159 F5                  315 	push	af
   015A 33                  316 	inc	sp
   015B CDr00r00            317 	call	_gprintn
   015E E8 03               318 	add	sp, #3
                            319 ;./libc/gprintf.c:41: break;
   0160 18 32               320 	jr	00109$
                            321 ;./libc/gprintf.c:43: case 's': {
   0162                     322 00106$:
                            323 ;./libc/gprintf.c:45: char *s = va_arg(ap, char *);
   0162 F8 07               324 	ldhl	sp,#7
   0164 2A                  325 	ld	a,(hl+)
   0165 5E                  326 	ld	e, (hl)
   0166 F8 03               327 	ldhl	sp,#3
   0168 22                  328 	ld	(hl+),a
   0169 73                  329 	ld	(hl),e
   016A 23                  330 	inc	hl
   016B 2A                  331 	ld	a,(hl+)
   016C 5E                  332 	ld	e, (hl)
   016D F8 11               333 	ldhl	sp,#17
   016F 22                  334 	ld	(hl+),a
   0170 73                  335 	ld	(hl),e
   0171 2B                  336 	dec	hl
   0172 5E                  337 	ld	e,(hl)
   0173 23                  338 	inc	hl
   0174 56                  339 	ld	d,(hl)
   0175 1A                  340 	ld	a,(de)
   0176 F8 00               341 	ldhl	sp,#0
   0178 22                  342 	ld	(hl+),a
   0179 13                  343 	inc	de
   017A 1A                  344 	ld	a,(de)
   017B 77                  345 	ld	(hl),a
                            346 ;./libc/gprintf.c:46: gprint(s);
   017C E1                  347 	pop	hl
   017D E5                  348 	push	hl
   017E E5                  349 	push	hl
   017F CDr00r00            350 	call	_gprint
   0182 F1                  351 	pop	af
                            352 ;./libc/gprintf.c:47: break;
   0183 18 0F               353 	jr	00109$
                            354 ;./libc/gprintf.c:72: case '%':
   0185                     355 00107$:
                            356 ;./libc/gprintf.c:74: wrtchr(*fmt);
   0185 F8 0E               357 	ldhl	sp,#14
   0187 7E                  358 	ld	a,(hl)
   0188 F5                  359 	push	af
   0189 33                  360 	inc	sp
   018A CDr00r00            361 	call	_wrtchr
   018D 33                  362 	inc	sp
                            363 ;./libc/gprintf.c:75: break;
   018E 18 04               364 	jr	00109$
                            365 ;./libc/gprintf.c:76: default:
   0190                     366 00108$:
                            367 ;./libc/gprintf.c:77: return -1;
   0190 1E FF               368 	ld	e,#0xFF
   0192 18 22               369 	jr	00117$
                            370 ;./libc/gprintf.c:78: }
   0194                     371 00109$:
                            372 ;./libc/gprintf.c:79: nb++;
   0194 F8 02               373 	ldhl	sp,#2
   0196 34                  374 	inc	(hl)
   0197 E5                  375 	push	hl
   0198 7E                  376 	ld	a,(hl)
   0199 F8 12               377 	ldhl	sp,#18
   019B 77                  378 	ld	(hl),a
   019C E1                  379 	pop	hl
   019D 18 09               380 	jr	00116$
   019F                     381 00111$:
                            382 ;./libc/gprintf.c:81: wrtchr(*fmt);
   019F F8 0D               383 	ldhl	sp,#13
   01A1 7E                  384 	ld	a,(hl)
   01A2 F5                  385 	push	af
   01A3 33                  386 	inc	sp
   01A4 CDr00r00            387 	call	_wrtchr
   01A7 33                  388 	inc	sp
   01A8                     389 00116$:
                            390 ;./libc/gprintf.c:10: for(; *fmt; fmt++)
   01A8 F8 15               391 	ldhl	sp,#21
   01AA 34                  392 	inc	(hl)
   01AB C2r15r00            393 	jp	NZ,00115$
   01AE 23                  394 	inc	hl
   01AF 34                  395 	inc	(hl)
   01B0 C3r15r00            396 	jp	00115$
   01B3                     397 00113$:
                            398 ;./libc/gprintf.c:84: return nb;
   01B3 F8 10               399 	ldhl	sp,#16
   01B5 5E                  400 	ld	e,(hl)
   01B6                     401 00117$:
   01B6 E8 13               402 	add	sp,#19
   01B8 C9                  403 	ret
   01B9                     404 _gprintf_end::
                            405 	.area _HOME
                            406 ;--------------------------------------------------------
                            407 ; code
                            408 ;--------------------------------------------------------
                            409 	.area _CODE
                            410 	.area _CODE
                            411 	.area _CABS (ABS)
