                              1 ;--------------------------------------------------------
                              2 ; File Created by SDCC : free open source ANSI-C Compiler
                              3 ; Version 3.3.0 #8604 (Dec 30 2013) (Linux)
                              4 ; This file was generated Sun May 28 17:34:52 2017
                              5 ;--------------------------------------------------------
                              6 	.module gprintln
                              7 	.optsdcc -mgbz80
                              8 	
                              9 ;--------------------------------------------------------
                             10 ; Public variables in this module
                             11 ;--------------------------------------------------------
                             12 	.globl _wrtchr
                             13 	.globl _gprintln
                             14 ;--------------------------------------------------------
                             15 ; ram data
                             16 ;--------------------------------------------------------
                             17 	.area _DATA
                             18 ;--------------------------------------------------------
                             19 ; absolute external ram data
                             20 ;--------------------------------------------------------
                             21 	.area _DABS (ABS)
                             22 ;--------------------------------------------------------
                             23 ; global & static initialisations
                             24 ;--------------------------------------------------------
                             25 	.area _HOME
                             26 	.area _GSINIT
                             27 	.area _GSFINAL
                             28 	.area _GSINIT
                             29 ;--------------------------------------------------------
                             30 ; Home
                             31 ;--------------------------------------------------------
                             32 	.area _HOME
                             33 	.area _HOME
                             34 ;--------------------------------------------------------
                             35 ; code
                             36 ;--------------------------------------------------------
                             37 	.area _CODE
                             38 ;./libc/gprintln.c:7: void gprintln(INT16 number, INT8 radix, INT8 signed_value)
                             39 ;	---------------------------------
                             40 ; Function gprintln
                             41 ; ---------------------------------
   0000                      42 _gprintln_start::
   0000                      43 _gprintln:
   0000 F5                   44 	push	af
   0001 F5                   45 	push	af
                             46 ;./libc/gprintln.c:11: if(number < 0 && signed_value) {
   0002 F8 06                47 	ldhl	sp,#6
   0004 7E                   48 	ld	a, (hl)
   0005 D6 00                49 	sub	a, #0x00
   0007 23                   50 	inc	hl
   0008 7E                   51 	ld	a, (hl)
   0009 DE 00                52 	sbc	a, #0x00
   000B 56                   53 	ld	d, (hl)
   000C 3E 00                54 	ld	a,#0x00
   000E 5F                   55 	ld	e, a
   000F CB 7B                56 	bit	7, e
   0011 28 07                57 	jr	Z,00117$
   0013 CB 7A                58 	bit	7, d
   0015 20 08                59 	jr	NZ,00118$
   0017 BF                   60 	cp	a, a
   0018 18 05                61 	jr	00118$
   001A                      62 00117$:
   001A CB 7A                63 	bit	7, d
   001C 28 01                64 	jr	Z,00118$
   001E 37                   65 	scf
   001F                      66 00118$:
   001F 30 1B                67 	jr	NC,00102$
   0021 F8 09                68 	ldhl	sp,#9
   0023 7E                   69 	ld	a,(hl)
   0024 B7                   70 	or	a, a
   0025 28 15                71 	jr	Z,00102$
                             72 ;./libc/gprintln.c:12: wrtchr('-');
   0027 3E 2D                73 	ld	a,#0x2D
   0029 F5                   74 	push	af
   002A 33                   75 	inc	sp
   002B CDr00r00             76 	call	_wrtchr
   002E 33                   77 	inc	sp
                             78 ;./libc/gprintln.c:13: number = -number;
   002F F8 06                79 	ldhl	sp,#6
   0031 5E                   80 	ld	e,(hl)
   0032 23                   81 	inc	hl
   0033 56                   82 	ld	d,(hl)
   0034 AF                   83 	xor	a, a
   0035 93                   84 	sub	a, e
   0036 5F                   85 	ld	e, a
   0037 3E 00                86 	ld	a, #0x00
   0039 9A                   87 	sbc	a, d
   003A 32                   88 	ld	(hl-),a
   003B 73                   89 	ld	(hl),e
   003C                      90 00102$:
                             91 ;./libc/gprintln.c:15: if((l = (UINT16)number / (UINT16)radix) != 0)
   003C F8 07                92 	ldhl	sp,#7
   003E 2B                   93 	dec	hl
   003F 4E                   94 	ld	c,(hl)
   0040 23                   95 	inc	hl
   0041 46                   96 	ld	b,(hl)
   0042 23                   97 	inc	hl
   0043 7E                   98 	ld	a,(hl)
   0044 F8 00                99 	ldhl	sp,#0
   0046 77                  100 	ld	(hl),a
   0047 F8 08               101 	ldhl	sp,#8
   0049 7E                  102 	ld	a,(hl)
   004A 17                  103 	rla
   004B 9F                  104 	sbc	a, a
   004C F8 01               105 	ldhl	sp,#1
   004E 77                  106 	ld	(hl),a
   004F C5                  107 	push	bc
   0050 D1                  108 	pop	de
   0051 E1                  109 	pop	hl
   0052 E5                  110 	push	hl
   0053 D5                  111 	push	de
   0054 E5                  112 	push	hl
   0055 C5                  113 	push	bc
   0056 CDr00r00            114 	call	__divuint_rrx_s
   0059 E8 04               115 	add	sp, #4
   005B C1                  116 	pop	bc
   005C F8 02               117 	ldhl	sp,#2
   005E 73                  118 	ld	(hl),e
   005F 23                  119 	inc	hl
   0060 72                  120 	ld	(hl),d
   0061 7A                  121 	ld	a,d
   0062 B3                  122 	or	a,e
   0063 28 15               123 	jr	Z,00105$
                            124 ;./libc/gprintln.c:16: gprintln(l, radix, UNSIGNED);
   0065 C5                  125 	push	bc
   0066 AF                  126 	xor	a, a
   0067 F5                  127 	push	af
   0068 33                  128 	inc	sp
   0069 F8 0B               129 	ldhl	sp,#11
   006B 7E                  130 	ld	a,(hl)
   006C F5                  131 	push	af
   006D 33                  132 	inc	sp
   006E F8 06               133 	ldhl	sp,#6
   0070 2A                  134 	ld	a,(hl+)
   0071 66                  135 	ld	h,(hl)
   0072 6F                  136 	ld	l,a
   0073 E5                  137 	push	hl
   0074 CDr00r00            138 	call	_gprintln
   0077 E8 04               139 	add	sp, #4
   0079 C1                  140 	pop	bc
   007A                     141 00105$:
                            142 ;./libc/gprintln.c:17: wrtchr(digits[(UINT16)number % (UINT16)radix]);
   007A E1                  143 	pop	hl
   007B E5                  144 	push	hl
   007C E5                  145 	push	hl
   007D C5                  146 	push	bc
   007E CDr00r00            147 	call	__moduint_rrx_s
   0081 E8 04               148 	add	sp, #4
   0083 4B                  149 	ld	c,e
   0084 42                  150 	ld	b,d
   0085 79                  151 	ld	a,c
   0086 21r00r00            152 	ld	hl,#_digits
   0089 86                  153 	add	a, (hl)
   008A 4F                  154 	ld	c,a
   008B 78                  155 	ld	a,b
   008C 23                  156 	inc	hl
   008D 8E                  157 	adc	a, (hl)
   008E 47                  158 	ld	b,a
   008F 0A                  159 	ld	a,(bc)
   0090 F5                  160 	push	af
   0091 33                  161 	inc	sp
   0092 CDr00r00            162 	call	_wrtchr
   0095 33                  163 	inc	sp
   0096 E8 04               164 	add	sp,#4
   0098 C9                  165 	ret
   0099                     166 _gprintln_end::
                            167 	.area _CODE
                            168 	.area _CABS (ABS)
